<?xml version="1.0" encoding="UTF-8"?>
<testng-results skipped="0" failed="0" ignored="0" total="1" passed="1">
  <reporter-output>
  </reporter-output>
  <suite name="Suite" duration-ms="63" started-at="2017-04-18T07:25:02Z" finished-at="2017-04-18T07:25:02Z">
    <groups>
    </groups>
    <test name="Test" duration-ms="63" started-at="2017-04-18T07:25:02Z" finished-at="2017-04-18T07:25:02Z">
      <class name="packge.javacls">
        <test-method status="PASS" signature="mthd()[pri:0, instance:packge.javacls@48eff760]" name="mthd" duration-ms="20" started-at="2017-04-18T12:55:02Z" finished-at="2017-04-18T12:55:02Z">
          <reporter-output>
          </reporter-output>
        </test-method> <!-- mthd -->
      </class> <!-- packge.javacls -->
    </test> <!-- Test -->
  </suite> <!-- Suite -->
</testng-results>
