<?xml version="1.0" encoding="UTF-8"?>
<testng-results skipped="0" failed="0" total="1" passed="1">
  <reporter-output>
  </reporter-output>
  <suite name="Suite" duration-ms="64" started-at="2017-04-18T07:30:42Z" finished-at="2017-04-18T07:30:43Z">
    <groups>
    </groups>
    <test name="Test" duration-ms="64" started-at="2017-04-18T07:30:42Z" finished-at="2017-04-18T07:30:43Z">
      <class name="packge.javacls">
        <test-method status="PASS" signature="mthd()[pri:0, instance:packge.javacls@783e6358]" name="mthd" duration-ms="16" started-at="2017-04-18T13:00:42Z" finished-at="2017-04-18T13:00:42Z">
          <reporter-output>
          </reporter-output>
        </test-method> <!-- mthd -->
      </class> <!-- packge.javacls -->
    </test> <!-- Test -->
  </suite> <!-- Suite -->
</testng-results>
